[2025-06-09 09:00:58] [ERROR] Unit tests failed in files: /Users/namhp/Resilio.Sync/PCI.DSS/GCP/tests/unit/common/test_gcp_common_cli.bats /Users/namhp/Resilio.Sync/PCI.DSS/GCP/tests/unit/common/test_gcp_common_core.bats /Users/namhp/Resilio.Sync/PCI.DSS/GCP/tests/unit/html_report/test_gcp_html_report.bats /Users/namhp/Resilio.Sync/PCI.DSS/GCP/tests/unit/permissions/test_gcp_permissions_core.bats /Users/namhp/Resilio.Sync/PCI.DSS/GCP/tests/unit/permissions/test_gcp_permissions_validation.bats /Users/namhp/Resilio.Sync/PCI.DSS/GCP/tests/unit/scope/test_gcp_scope_core.bats
[2025-06-09 09:01:41] [ERROR] Integration tests failed in files: /Users/namhp/Resilio.Sync/PCI.DSS/GCP/tests/integration/test_4_library_integration.bats /Users/namhp/Resilio.Sync/PCI.DSS/GCP/tests/integration/test_library_integration.bats /Users/namhp/Resilio.Sync/PCI.DSS/GCP/tests/integration/test_organization_scope.bats /Users/namhp/Resilio.Sync/PCI.DSS/GCP/tests/integration/test_performance_validation.bats
